<?xml version="1.0" encoding="UTF-8"?>
<robot generator="Robot 7.3.2 (Python 3.13.7 on win32)" generated="2025-09-09T14:30:32.407549" rpa="false" schemaversion="5">
<suite id="s1" name="Demo" source="C:\663380230-6\Starterfiles\Starterfiles\Lab10\demo.robot">
<test id="s1-t1" name="Hello Robot" line="5">
<kw name="Open Browser" owner="SeleniumLibrary">
<msg time="2025-09-09T14:30:32.620709" level="INFO">Opening browser 'Chrome' to base url 'http://computing.kku.ac.th'.</msg>
<arg>http://computing.kku.ac.th</arg>
<arg>Chrome</arg>
<doc>Opens a new browser instance to the optional ``url``.</doc>
<status status="PASS" start="2025-09-09T14:30:32.620517" elapsed="3.441707"/>
</kw>
<status status="PASS" start="2025-09-09T14:30:32.619894" elapsed="3.442578"/>
</test>
<status status="PASS" start="2025-09-09T14:30:32.408298" elapsed="3.654625"/>
</suite>
<statistics>
<total>
<stat pass="1" fail="0" skip="0">All Tests</stat>
</total>
<tag>
</tag>
<suite>
<stat name="Demo" id="s1" pass="1" fail="0" skip="0">Demo</stat>
</suite>
</statistics>
<errors>
</errors>
</robot>
